This is pdfTeX, Version 3.1415926-2.4-1.40.13 (TeX Live 2012/Debian) (format=pdflatex 2013.5.14)  25 OCT 2013 12:55
entering extended mode
 restricted \write18 enabled.
 %&-line parsing enabled.
**ProposedMeasure.tex
(./ProposedMeasure.tex
LaTeX2e <2011/06/27>
Babel <v3.8m> and hyphenation patterns for english, dumylang, nohyphenation, lo
aded.
(/usr/share/texlive/texmf-dist/tex/latex/base/article.cls
Document Class: article 2007/10/19 v1.4h Standard LaTeX document class
(/usr/share/texlive/texmf-dist/tex/latex/base/size12.clo
File: size12.clo 2007/10/19 v1.4h Standard LaTeX file (size option)
)
\c@part=\count79
\c@section=\count80
\c@subsection=\count81
\c@subsubsection=\count82
\c@paragraph=\count83
\c@subparagraph=\count84
\c@figure=\count85
\c@table=\count86
\abovecaptionskip=\skip41
\belowcaptionskip=\skip42
\bibindent=\dimen102
)
(/usr/share/texlive/texmf-dist/tex/latex/titling/titling.sty
Package: titling 2009/09/04 v2.1d maketitle typesetting
\thanksmarkwidth=\skip43
\thanksmargin=\skip44
\droptitle=\skip45
)
(/usr/share/texlive/texmf-dist/tex/latex/amsmath/amsmath.sty
Package: amsmath 2000/07/18 v2.13 AMS math features
\@mathmargin=\skip46

For additional information on amsmath, use the `?' option.
(/usr/share/texlive/texmf-dist/tex/latex/amsmath/amstext.sty
Package: amstext 2000/06/29 v2.01

(/usr/share/texlive/texmf-dist/tex/latex/amsmath/amsgen.sty
File: amsgen.sty 1999/11/30 v2.0
\@emptytoks=\toks14
\ex@=\dimen103
))
(/usr/share/texlive/texmf-dist/tex/latex/amsmath/amsbsy.sty
Package: amsbsy 1999/11/29 v1.2d
\pmbraise@=\dimen104
)
(/usr/share/texlive/texmf-dist/tex/latex/amsmath/amsopn.sty
Package: amsopn 1999/12/14 v2.01 operator names
)
\inf@bad=\count87
LaTeX Info: Redefining \frac on input line 211.
\uproot@=\count88
\leftroot@=\count89
LaTeX Info: Redefining \overline on input line 307.
\classnum@=\count90
\DOTSCASE@=\count91
LaTeX Info: Redefining \ldots on input line 379.
LaTeX Info: Redefining \dots on input line 382.
LaTeX Info: Redefining \cdots on input line 467.
\Mathstrutbox@=\box26
\strutbox@=\box27
\big@size=\dimen105
LaTeX Font Info:    Redeclaring font encoding OML on input line 567.
LaTeX Font Info:    Redeclaring font encoding OMS on input line 568.
\macc@depth=\count92
\c@MaxMatrixCols=\count93
\dotsspace@=\muskip10
\c@parentequation=\count94
\dspbrk@lvl=\count95
\tag@help=\toks15
\row@=\count96
\column@=\count97
\maxfields@=\count98
\andhelp@=\toks16
\eqnshift@=\dimen106
\alignsep@=\dimen107
\tagshift@=\dimen108
\tagwidth@=\dimen109
\totwidth@=\dimen110
\lineht@=\dimen111
\@envbody=\toks17
\multlinegap=\skip47
\multlinetaggap=\skip48
\mathdisplay@stack=\toks18
LaTeX Info: Redefining \[ on input line 2666.
LaTeX Info: Redefining \] on input line 2667.
)
(/usr/share/texlive/texmf-dist/tex/latex/graphics/graphicx.sty
Package: graphicx 1999/02/16 v1.0f Enhanced LaTeX Graphics (DPC,SPQR)

(/usr/share/texlive/texmf-dist/tex/latex/graphics/keyval.sty
Package: keyval 1999/03/16 v1.13 key=value parser (DPC)
\KV@toks@=\toks19
)
(/usr/share/texlive/texmf-dist/tex/latex/graphics/graphics.sty
Package: graphics 2009/02/05 v1.0o Standard LaTeX Graphics (DPC,SPQR)

(/usr/share/texlive/texmf-dist/tex/latex/graphics/trig.sty
Package: trig 1999/03/16 v1.09 sin cos tan (DPC)
)
(/usr/share/texlive/texmf-dist/tex/latex/latexconfig/graphics.cfg
File: graphics.cfg 2010/04/23 v1.9 graphics configuration of TeX Live
)
Package graphics Info: Driver file: pdftex.def on input line 91.

(/usr/share/texlive/texmf-dist/tex/latex/pdftex-def/pdftex.def
File: pdftex.def 2011/05/27 v0.06d Graphics/color for pdfTeX

(/usr/share/texlive/texmf-dist/tex/generic/oberdiek/infwarerr.sty
Package: infwarerr 2010/04/08 v1.3 Providing info/warning/error messages (HO)
)
(/usr/share/texlive/texmf-dist/tex/generic/oberdiek/ltxcmds.sty
Package: ltxcmds 2011/11/09 v1.22 LaTeX kernel commands for general use (HO)
)
\Gread@gobject=\count99
))
\Gin@req@height=\dimen112
\Gin@req@width=\dimen113
)
(/usr/share/texlive/texmf-dist/tex/latex/caption/caption.sty
Package: caption 2012/02/19 v3.2f Customizing captions (AR)

(/usr/share/texlive/texmf-dist/tex/latex/caption/caption3.sty
Package: caption3 2012/01/12 v1.4b caption3 kernel (AR)
\captionmargin=\dimen114
\captionmargin@=\dimen115
\captionwidth=\dimen116
\caption@indent=\dimen117
\caption@parindent=\dimen118
\caption@hangindent=\dimen119
)
\c@ContinuedFloat=\count100
)
(/usr/share/texlive/texmf-dist/tex/latex/caption/subcaption.sty
Package: subcaption 2012/01/12 v1.1d Sub-captions (AR)
\c@subfigure=\count101
\c@subtable=\count102
)
(/usr/share/texmf/tex/latex/xcolor/xcolor.sty
Package: xcolor 2007/01/21 v2.11 LaTeX color extensions (UK)

(/usr/share/texlive/texmf-dist/tex/latex/latexconfig/color.cfg
File: color.cfg 2007/01/18 v1.5 color configuration of teTeX/TeXLive
)
Package xcolor Info: Package option `usenames' ignored on input line 216.
Package xcolor Info: Driver file: pdftex.def on input line 225.

(/usr/share/texlive/texmf-dist/tex/latex/colortbl/colortbl.sty
Package: colortbl 2012/02/13 v1.0a Color table columns (DPC)

(/usr/share/texlive/texmf-dist/tex/latex/tools/array.sty
Package: array 2008/09/09 v2.4c Tabular extension package (FMi)
\col@sep=\dimen120
\extrarowheight=\dimen121
\NC@list=\toks20
\extratabsurround=\skip49
\backup@length=\skip50
)
\everycr=\toks21
\minrowclearance=\skip51
)
\rownum=\count103
Package xcolor Info: Model `cmy' substituted by `cmy0' on input line 1337.
Package xcolor Info: Model `hsb' substituted by `rgb' on input line 1341.
Package xcolor Info: Model `RGB' extended on input line 1353.
Package xcolor Info: Model `HTML' substituted by `rgb' on input line 1355.
Package xcolor Info: Model `Hsb' substituted by `hsb' on input line 1356.
Package xcolor Info: Model `tHsb' substituted by `hsb' on input line 1357.
Package xcolor Info: Model `HSB' substituted by `hsb' on input line 1358.
Package xcolor Info: Model `Gray' substituted by `gray' on input line 1359.
Package xcolor Info: Model `wave' substituted by `hsb' on input line 1360.

(/usr/share/texlive/texmf-dist/tex/latex/graphics/dvipsnam.def
File: dvipsnam.def 1999/02/16 v3.0i Driver-dependant file (DPC,SPQR)
)
(/usr/share/texmf/tex/latex/xcolor/svgnam.def
File: svgnam.def 2007/01/21 v2.11 Predefined colors according to SVG 1.1 (UK)
))
(/usr/share/texlive/texmf-dist/tex/latex/hyperref/hyperref.sty
Package: hyperref 2012/05/13 v6.82q Hypertext links for LaTeX

(/usr/share/texlive/texmf-dist/tex/generic/oberdiek/hobsub-hyperref.sty
Package: hobsub-hyperref 2012/05/28 v1.13 Bundle oberdiek, subset hyperref (HO)


(/usr/share/texlive/texmf-dist/tex/generic/oberdiek/hobsub-generic.sty
Package: hobsub-generic 2012/05/28 v1.13 Bundle oberdiek, subset generic (HO)
Package: hobsub 2012/05/28 v1.13 Construct package bundles (HO)
Package hobsub Info: Skipping package `infwarerr' (already loaded).
Package hobsub Info: Skipping package `ltxcmds' (already loaded).
Package: ifluatex 2010/03/01 v1.3 Provides the ifluatex switch (HO)
Package ifluatex Info: LuaTeX not detected.
Package: ifvtex 2010/03/01 v1.5 Detect VTeX and its facilities (HO)
Package ifvtex Info: VTeX not detected.
Package: intcalc 2007/09/27 v1.1 Expandable calculations with integers (HO)
Package: ifpdf 2011/01/30 v2.3 Provides the ifpdf switch (HO)
Package ifpdf Info: pdfTeX in PDF mode is detected.
Package: etexcmds 2011/02/16 v1.5 Avoid name clashes with e-TeX commands (HO)
Package etexcmds Info: Could not find \expanded.
(etexcmds)             That can mean that you are not using pdfTeX 1.50 or
(etexcmds)             that some package has redefined \expanded.
(etexcmds)             In the latter case, load this package earlier.
Package: kvsetkeys 2012/04/25 v1.16 Key value parser (HO)
Package: kvdefinekeys 2011/04/07 v1.3 Define keys (HO)
Package: pdftexcmds 2011/11/29 v0.20 Utility functions of pdfTeX for LuaTeX (HO
)
Package pdftexcmds Info: LuaTeX not detected.
Package pdftexcmds Info: \pdf@primitive is available.
Package pdftexcmds Info: \pdf@ifprimitive is available.
Package pdftexcmds Info: \pdfdraftmode found.
Package: pdfescape 2011/11/25 v1.13 Implements pdfTeX's escape features (HO)
Package: bigintcalc 2012/04/08 v1.3 Expandable calculations on big integers (HO
)
Package: bitset 2011/01/30 v1.1 Handle bit-vector datatype (HO)
Package: uniquecounter 2011/01/30 v1.2 Provide unlimited unique counter (HO)
)
Package hobsub Info: Skipping package `hobsub' (already loaded).
Package: letltxmacro 2010/09/02 v1.4 Let assignment for LaTeX macros (HO)
Package: hopatch 2012/05/28 v1.2 Wrapper for package hooks (HO)
Package: xcolor-patch 2011/01/30 xcolor patch
Package: atveryend 2011/06/30 v1.8 Hooks at the very end of document (HO)
Package atveryend Info: \enddocument detected (standard20110627).
Package: atbegshi 2011/10/05 v1.16 At begin shipout hook (HO)
Package: refcount 2011/10/16 v3.4 Data extraction from label references (HO)
Package: hycolor 2011/01/30 v1.7 Color options for hyperref/bookmark (HO)
)
(/usr/share/texlive/texmf-dist/tex/generic/ifxetex/ifxetex.sty
Package: ifxetex 2010/09/12 v0.6 Provides ifxetex conditional
)
(/usr/share/texlive/texmf-dist/tex/latex/oberdiek/kvoptions.sty
Package: kvoptions 2011/06/30 v3.11 Key value format for package options (HO)
)
\@linkdim=\dimen122
\Hy@linkcounter=\count104
\Hy@pagecounter=\count105

(/usr/share/texlive/texmf-dist/tex/latex/hyperref/pd1enc.def
File: pd1enc.def 2012/05/13 v6.82q Hyperref: PDFDocEncoding definition (HO)
)
\Hy@SavedSpaceFactor=\count106

(/usr/share/texlive/texmf-dist/tex/latex/latexconfig/hyperref.cfg
File: hyperref.cfg 2002/06/06 v1.2 hyperref configuration of TeXLive
)
Package hyperref Info: Hyper figures OFF on input line 4062.
Package hyperref Info: Link nesting OFF on input line 4067.
Package hyperref Info: Hyper index ON on input line 4070.
Package hyperref Info: Plain pages OFF on input line 4077.
Package hyperref Info: Backreferencing OFF on input line 4082.
Package hyperref Info: Implicit mode ON; LaTeX internals redefined.
Package hyperref Info: Bookmarks ON on input line 4300.
\c@Hy@tempcnt=\count107

(/usr/share/texlive/texmf-dist/tex/latex/url/url.sty
\Urlmuskip=\muskip11
Package: url 2006/04/12  ver 3.3  Verb mode for urls, etc.
)
LaTeX Info: Redefining \url on input line 4653.
\Fld@menulength=\count108
\Field@Width=\dimen123
\Fld@charsize=\dimen124
Package hyperref Info: Hyper figures OFF on input line 5773.
Package hyperref Info: Link nesting OFF on input line 5778.
Package hyperref Info: Hyper index ON on input line 5781.
Package hyperref Info: backreferencing OFF on input line 5788.
Package hyperref Info: Link coloring OFF on input line 5793.
Package hyperref Info: Link coloring with OCG OFF on input line 5798.
Package hyperref Info: PDF/A mode OFF on input line 5803.
LaTeX Info: Redefining \ref on input line 5843.
LaTeX Info: Redefining \pageref on input line 5847.
\Hy@abspage=\count109
\c@Item=\count110
\c@Hfootnote=\count111
)

Package hyperref Message: Driver (autodetected): hpdftex.

(/usr/share/texlive/texmf-dist/tex/latex/hyperref/hpdftex.def
File: hpdftex.def 2012/05/13 v6.82q Hyperref driver for pdfTeX
\Fld@listcount=\count112
\c@bookmark@seq@number=\count113

(/usr/share/texlive/texmf-dist/tex/latex/oberdiek/rerunfilecheck.sty
Package: rerunfilecheck 2011/04/15 v1.7 Rerun checks for auxiliary files (HO)
Package uniquecounter Info: New unique counter `rerunfilecheck' on input line 2
82.
)
\Hy@SectionHShift=\skip52
)
(/usr/share/texlive/texmf-dist/tex/latex/jknapltx/mathrsfs.sty
Package: mathrsfs 1996/01/01 Math RSFS package v1.0 (jk)
\symrsfs=\mathgroup4
)
(./ProposedMeasure.aux)
\openout1 = `ProposedMeasure.aux'.

LaTeX Font Info:    Checking defaults for OML/cmm/m/it on input line 20.
LaTeX Font Info:    ... okay on input line 20.
LaTeX Font Info:    Checking defaults for T1/cmr/m/n on input line 20.
LaTeX Font Info:    ... okay on input line 20.
LaTeX Font Info:    Checking defaults for OT1/cmr/m/n on input line 20.
LaTeX Font Info:    ... okay on input line 20.
LaTeX Font Info:    Checking defaults for OMS/cmsy/m/n on input line 20.
LaTeX Font Info:    ... okay on input line 20.
LaTeX Font Info:    Checking defaults for OMX/cmex/m/n on input line 20.
LaTeX Font Info:    ... okay on input line 20.
LaTeX Font Info:    Checking defaults for U/cmr/m/n on input line 20.
LaTeX Font Info:    ... okay on input line 20.
LaTeX Font Info:    Checking defaults for PD1/pdf/m/n on input line 20.
LaTeX Font Info:    ... okay on input line 20.

(/usr/share/texlive/texmf-dist/tex/context/base/supp-pdf.mkii
[Loading MPS to PDF converter (version 2006.09.02).]
\scratchcounter=\count114
\scratchdimen=\dimen125
\scratchbox=\box28
\nofMPsegments=\count115
\nofMParguments=\count116
\everyMPshowfont=\toks22
\MPscratchCnt=\count117
\MPscratchDim=\dimen126
\MPnumerator=\count118
\makeMPintoPDFobject=\count119
\everyMPtoPDFconversion=\toks23
) (/usr/share/texlive/texmf-dist/tex/latex/oberdiek/epstopdf-base.sty
Package: epstopdf-base 2010/02/09 v2.5 Base part for package epstopdf

(/usr/share/texlive/texmf-dist/tex/latex/oberdiek/grfext.sty
Package: grfext 2010/08/19 v1.1 Manage graphics extensions (HO)
)
Package grfext Info: Graphics extension search list:
(grfext)             [.png,.pdf,.jpg,.mps,.jpeg,.jbig2,.jb2,.PNG,.PDF,.JPG,.JPE
G,.JBIG2,.JB2,.eps]
(grfext)             \AppendGraphicsExtensions on input line 452.

(/usr/share/texlive/texmf-dist/tex/latex/latexconfig/epstopdf-sys.cfg
File: epstopdf-sys.cfg 2010/07/13 v1.3 Configuration of (r)epstopdf for TeX Liv
e
))
Package caption Info: Begin \AtBeginDocument code.
Package caption Info: hyperref package is loaded.
Package caption Info: End \AtBeginDocument code.
\AtBeginShipoutBox=\box29
Package hyperref Info: Link coloring OFF on input line 20.

(/usr/share/texlive/texmf-dist/tex/latex/hyperref/nameref.sty
Package: nameref 2010/04/30 v2.40 Cross-referencing by name of section

(/usr/share/texlive/texmf-dist/tex/generic/oberdiek/gettitlestring.sty
Package: gettitlestring 2010/12/03 v1.4 Cleanup title references (HO)
)
\c@section@level=\count120
)
LaTeX Info: Redefining \ref on input line 20.
LaTeX Info: Redefining \pageref on input line 20.
LaTeX Info: Redefining \nameref on input line 20.

(./ProposedMeasure.out) (./ProposedMeasure.out)
\@outlinefile=\write3
\openout3 = `ProposedMeasure.out'.

LaTeX Font Info:    Try loading font information for U+rsfs on input line 29.

(/usr/share/texlive/texmf-dist/tex/latex/jknapltx/ursfs.fd
File: ursfs.fd 1998/03/24 rsfs font definition file (jk)
) [1

{/var/lib/texmf/fonts/map/pdftex/updmap/pdftex.map}]
Underfull \hbox (badness 10000) in paragraph at lines 43--44

 []


Underfull \hbox (badness 10000) in paragraph at lines 45--46

 []

[2]
Underfull \hbox (badness 10000) in paragraph at lines 47--48

 []

[3] <Graph0.pdf, id=68, 614.295pt x 578.16pt>
File: Graph0.pdf Graphic file (type pdf)
 <use Graph0.pdf>
Package pdftex.def Info: Graph0.pdf used on input line 57.
(pdftex.def)             Requested size: 117.00119pt x 110.1162pt.

<Graph1.pdf, id=69, 614.295pt x 578.16pt>
File: Graph1.pdf Graphic file (type pdf)
 <use Graph1.pdf>
Package pdftex.def Info: Graph1.pdf used on input line 64.
(pdftex.def)             Requested size: 117.00119pt x 110.1162pt.
 [4]
Underfull \hbox (badness 10000) in paragraph at lines 74--77

 []


Underfull \hbox (badness 10000) in paragraph at lines 78--79

 []

[5 <./Graph0.pdf> <./Graph1.pdf

pdfTeX warning: pdflatex (file ./Graph1.pdf): PDF inclusion: multiple pdfs with
 page group included in a single page
>] [6] [7] [8]
Overfull \hbox (14.97649pt too wide) detected at line 125
\OML/cmm/m/it/12 P\OT1/cmr/m/n/12 (\OML/cmm/m/it/12 D\OMS/cmsy/m/n/12 j[][]\OT1
/cmr/m/n/12 ) = [][] [][] \OML/cmm/m/it/12 P[]\OT1/cmr/m/n/12 (\OML/cmm/m/it/12
 D\OMS/cmsy/m/n/12 j[][]\OML/cmm/m/it/12 ; ^^Y[]; ^^Y[]\OT1/cmr/m/n/12 )\OML/cm
m/m/it/12 P\OT1/cmr/m/n/12 (\OML/cmm/m/it/12 ^^Y[]; ^^Y[]\OMS/cmsy/m/n/12 j[][]
\OT1/cmr/m/n/12 )\OML/cmm/m/it/12 d^^Y[]d^^Y[]
 []


Overfull \hbox (0.54843pt too wide) in paragraph at lines 131--132
[]\OT1/cmr/m/n/12 where $\OML/cmm/m/it/12 P\OT1/cmr/m/n/12 (\OML/cmm/m/it/12 ^^
Y[]; ^^Y[]\OMS/cmsy/m/n/12 j[][]\OT1/cmr/m/n/12 )$ and $\OML/cmm/m/it/12 P\OT1/
cmr/m/n/12 (\OML/cmm/m/it/12 ^^Y[]\OMS/cmsy/m/n/12 j[][]\OT1/cmr/m/n/12 )$ are 
the dis-tri-bu-tions from
 []


Overfull \hbox (34.40051pt too wide) detected at line 133
[][] \OT1/cmr/m/n/12 = [] [] \OML/cmm/m/it/12 :
 []

[9]
Overfull \hbox (19.18993pt too wide) in paragraph at lines 138--140
\OT1/cmr/m/n/12 able). For no-ta-tional con-ve-nience, I write $\OML/cmm/m/it/1
2 P[]\OT1/cmr/m/n/12 (\OML/cmm/m/it/12 D\OT1/cmr/m/n/12 )$, $\OML/cmm/m/it/12 P
[]\OT1/cmr/m/n/12 (\OML/cmm/m/it/12 D\OT1/cmr/m/n/12 )$, in-stead of $\OML/cmm/
m/it/12 P[]\OT1/cmr/m/n/12 (\OML/cmm/m/it/12 D\OMS/cmsy/m/n/12 j[][]\OT1/cmr/m/
n/12 )$
 []

[10] [11] [12]

LaTeX Warning: Reference `fig:buffet' on page 13 undefined on input line 182.

<bernanke.pdf, id=164, 722.7pt x 578.16pt>
File: bernanke.pdf Graphic file (type pdf)
 <use bernanke.pdf>
Package pdftex.def Info: bernanke.pdf used on input line 187.
(pdftex.def)             Requested size: 77.99881pt x 62.398pt.

<paulson.pdf, id=165, 722.7pt x 578.16pt>
File: paulson.pdf Graphic file (type pdf)
 <use paulson.pdf>
Package pdftex.def Info: paulson.pdf used on input line 194.
(pdftex.def)             Requested size: 77.99881pt x 62.398pt.

<morgenthau.pdf, id=166, 722.7pt x 578.16pt>
File: morgenthau.pdf Graphic file (type pdf)
 <use morgenthau.pdf>
Package pdftex.def Info: morgenthau.pdf used on input line 199.
(pdftex.def)             Requested size: 77.99881pt x 62.398pt.

<becker.pdf, id=167, 722.7pt x 578.16pt>
File: becker.pdf Graphic file (type pdf)
 <use becker.pdf>
Package pdftex.def Info: becker.pdf used on input line 204.
(pdftex.def)             Requested size: 77.99881pt x 62.398pt.

<stiglitz.pdf, id=168, 722.7pt x 578.16pt>
File: stiglitz.pdf Graphic file (type pdf)
 <use stiglitz.pdf>
Package pdftex.def Info: stiglitz.pdf used on input line 209.
(pdftex.def)             Requested size: 77.99881pt x 62.398pt.

<born.pdf, id=169, 722.7pt x 578.16pt>
File: born.pdf Graphic file (type pdf)
 <use born.pdf>
Package pdftex.def Info: born.pdf used on input line 214.
(pdftex.def)             Requested size: 77.99881pt x 62.398pt.

<greenspan.pdf, id=170, 722.7pt x 578.16pt>
File: greenspan.pdf Graphic file (type pdf)
 <use greenspan.pdf>
Package pdftex.def Info: greenspan.pdf used on input line 219.
(pdftex.def)             Requested size: 77.99881pt x 62.398pt.

<buffett.pdf, id=171, 722.7pt x 578.16pt>
File: buffett.pdf Graphic file (type pdf)
 <use buffett.pdf>
Package pdftex.def Info: buffett.pdf used on input line 224.
(pdftex.def)             Requested size: 77.99881pt x 62.398pt.

<krugman.pdf, id=172, 722.7pt x 578.16pt>
File: krugman.pdf Graphic file (type pdf)
 <use krugman.pdf>
Package pdftex.def Info: krugman.pdf used on input line 229.
(pdftex.def)             Requested size: 77.99881pt x 62.398pt.

<rodrik.pdf, id=173, 722.7pt x 578.16pt>
File: rodrik.pdf Graphic file (type pdf)
 <use rodrik.pdf>
Package pdftex.def Info: rodrik.pdf used on input line 234.
(pdftex.def)             Requested size: 77.99881pt x 62.398pt.

<soros.pdf, id=174, 722.7pt x 578.16pt>
File: soros.pdf Graphic file (type pdf)
 <use soros.pdf>
Package pdftex.def Info: soros.pdf used on input line 239.
(pdftex.def)             Requested size: 77.99881pt x 62.398pt.
LaTeX Font Info:    Try loading font information for OMS+cmr on input line 250.


(/usr/share/texlive/texmf-dist/tex/latex/base/omscmr.fd
File: omscmr.fd 1999/05/25 v2.5h Standard LaTeX font definitions
)
LaTeX Font Info:    Font shape `OMS/cmr/m/n' in size <12> not available
(Font)              Font shape `OMS/cmsy/m/n' tried instead on input line 250.
 [13] [14 <./bernanke.pdf> <./paulson.pdf

pdfTeX warning: pdflatex (file ./paulson.pdf): PDF inclusion: multiple pdfs wit
h page group included in a single page
> <./morgenthau.pdf

pdfTeX warning: pdflatex (file ./morgenthau.pdf): PDF inclusion: multiple pdfs 
with page group included in a single page
> <./becker.pdf

pdfTeX warning: pdflatex (file ./becker.pdf): PDF inclusion: multiple pdfs with
 page group included in a single page
> <./stiglitz.pdf

pdfTeX warning: pdflatex (file ./stiglitz.pdf): PDF inclusion: multiple pdfs wi
th page group included in a single page
> <./born.pdf

pdfTeX warning: pdflatex (file ./born.pdf): PDF inclusion: multiple pdfs with p
age group included in a single page
> <./greenspan.pdf

pdfTeX warning: pdflatex (file ./greenspan.pdf): PDF inclusion: multiple pdfs w
ith page group included in a single page
> <./buffett.pdf

pdfTeX warning: pdflatex (file ./buffett.pdf): PDF inclusion: multiple pdfs wit
h page group included in a single page
> <./krugman.pdf

pdfTeX warning: pdflatex (file ./krugman.pdf): PDF inclusion: multiple pdfs wit
h page group included in a single page
> <./rodrik.pdf

pdfTeX warning: pdflatex (file ./rodrik.pdf): PDF inclusion: multiple pdfs with
 page group included in a single page
> <./soros.pdf

pdfTeX warning: pdflatex (file ./soros.pdf): PDF inclusion: multiple pdfs with 
page group included in a single page
>]
Overfull \hbox (2.74872pt too wide) in paragraph at lines 260--261
[]\OT1/cmr/m/n/12 George Soros (Chair-man of Soros Fund Man-age-ment and phi-la
n-thropist,
 []


Overfull \hbox (101.98584pt too wide) in paragraph at lines 265--287
 []|  [] 
 []

[15]
File: stiglitz.pdf Graphic file (type pdf)
 <use stiglitz.pdf>
Package pdftex.def Info: stiglitz.pdf used on input line 299.
(pdftex.def)             Requested size: 77.99881pt x 62.398pt.

Underfull \hbox (badness 1394) in paragraph at lines 300--300
[]\OT1/cmr/m/n/10.95 (a) |\OT1/cmr/m/n/10 Stiglitz (be-
 []

<stiglitz2.pdf, id=301, 722.7pt x 578.16pt>
File: stiglitz2.pdf Graphic file (type pdf)
 <use stiglitz2.pdf>
Package pdftex.def Info: stiglitz2.pdf used on input line 306.
(pdftex.def)             Requested size: 77.99881pt x 62.398pt.
 [16]
Overfull \hbox (107.59695pt too wide) in paragraph at lines 318--333
 []|  [] 
 []


LaTeX Warning: `h' float specifier changed to `ht'.

[17 <./stiglitz2.pdf>] [18] <beta.pdf, id=338, 578.16pt x 433.62pt>
File: beta.pdf Graphic file (type pdf)

<use beta.pdf>
Package pdftex.def Info: beta.pdf used on input line 352.
(pdftex.def)             Requested size: 227.62204pt x 170.71231pt.

Overfull \hbox (64.8449pt too wide) detected at line 359
\OML/cmm/m/it/12 P\OT1/cmr/m/n/12 (\OML/cmm/m/it/12 D\OMS/cmsy/m/n/12 j[][]\OT1
/cmr/m/n/12 ) = [][] [] [][] \OML/cmm/m/it/12 P[]\OT1/cmr/m/n/12 (\OML/cmm/m/it
/12 D\OMS/cmsy/m/n/12 j[][]\OML/cmm/m/it/12 ; ^^Y[]; [] ; ^^Y[]\OT1/cmr/m/n/12 
)\OML/cmm/m/it/12 P\OT1/cmr/m/n/12 (\OML/cmm/m/it/12 ^^Y[]; [] ; ^^Y[]\OMS/cmsy
/m/n/12 j[][]\OT1/cmr/m/n/12 )\OML/cmm/m/it/12 d^^Y[] [] d^^Y[]
 []


Overfull \hbox (13.03511pt too wide) in paragraph at lines 361--362
\OML/cmm/m/it/12 P\OT1/cmr/m/n/12 (\OML/cmm/m/it/12 ^^Y[]; [] ; ^^Y[]\OMS/cmsy/
m/n/12 j[][]\OT1/cmr/m/n/12 )$, which in this case is sim-ply the prod-uct of t
he marginals
 []

[19 <./beta.pdf>]
Underfull \hbox (badness 10000) in paragraph at lines 373--375

 []


Underfull \hbox (badness 10000) in paragraph at lines 378--380

 []

[20]
Underfull \hbox (badness 10000) in paragraph at lines 387--389

 []


Overfull \hbox (72.60014pt too wide) in paragraph at lines 392--396
\OT1/cmr/m/it/12 in so-cial sys-tems\OT1/cmr/m/n/12 . eprint arXiv:1302.0907, D
e-cem-ber 2013. []http://arxiv.org/abs/1302.0907[].
 []


Underfull \hbox (badness 10000) in paragraph at lines 392--396

 []


Underfull \hbox (badness 10000) in paragraph at lines 397--399

 []


Underfull \hbox (badness 10000) in paragraph at lines 400--402

 []


Underfull \hbox (badness 10000) in paragraph at lines 403--405

 []

Missing character: There is no â in font cmr12!
Missing character: There is no € in font cmr12!
Missing character: There is no “ in font cmr12!

Underfull \hbox (badness 10000) in paragraph at lines 417--419

 []


Underfull \hbox (badness 10000) in paragraph at lines 420--424

 []


Underfull \hbox (badness 10000) in paragraph at lines 427--429

 []


Underfull \hbox (badness 10000) in paragraph at lines 430--434

 []

[21]
Underfull \hbox (badness 10000) in paragraph at lines 447--448

 []


Underfull \hbox (badness 10000) in paragraph at lines 455--456

 []

[22]
Underfull \hbox (badness 10000) in paragraph at lines 468--469

 []

[23]
Underfull \hbox (badness 10000) in paragraph at lines 481--482

 []

[24]
Underfull \hbox (badness 10000) in paragraph at lines 503--504

 []

[25]
Underfull \hbox (badness 10000) in paragraph at lines 512--513

 []

[26] [27] [28]
Package atveryend Info: Empty hook `BeforeClearDocument' on input line 574.
 [29]
Package atveryend Info: Empty hook `AfterLastShipout' on input line 574.
 (./ProposedMeasure.aux)
Package atveryend Info: Executing hook `AtVeryEndDocument' on input line 574.
Package atveryend Info: Executing hook `AtEndAfterFileList' on input line 574.
Package rerunfilecheck Info: File `ProposedMeasure.out' has not changed.
(rerunfilecheck)             Checksum: B2602987DEC009A39798980DC95ED6A5;620.


LaTeX Warning: There were undefined references.

Package atveryend Info: Empty hook `AtVeryVeryEnd' on input line 574.
 ) 
Here is how much of TeX's memory you used:
 7597 strings out of 495059
 112462 string characters out of 3182030
 226758 words of memory out of 3000000
 10622 multiletter control sequences out of 15000+200000
 13130 words of font info for 50 fonts, out of 3000000 for 9000
 14 hyphenation exceptions out of 8191
 41i,12n,38p,2688b,486s stack positions out of 5000i,500n,10000p,200000b,50000s
</usr/share/texlive/texmf-dist/fonts/type1/public/amsfonts/cm/cmbx10.pfb></us
r/share/texlive/texmf-dist/fonts/type1/public/amsfonts/cm/cmbx12.pfb></usr/shar
e/texlive/texmf-dist/fonts/type1/public/amsfonts/cm/cmex10.pfb></usr/share/texl
ive/texmf-dist/fonts/type1/public/amsfonts/cm/cmmi10.pfb></usr/share/texlive/te
xmf-dist/fonts/type1/public/amsfonts/cm/cmmi12.pfb></usr/share/texlive/texmf-di
st/fonts/type1/public/amsfonts/cm/cmmi8.pfb></usr/share/texlive/texmf-dist/font
s/type1/public/amsfonts/cm/cmr10.pfb></usr/share/texlive/texmf-dist/fonts/type1
/public/amsfonts/cm/cmr12.pfb></usr/share/texlive/texmf-dist/fonts/type1/public
/amsfonts/cm/cmr17.pfb></usr/share/texlive/texmf-dist/fonts/type1/public/amsfon
ts/cm/cmr7.pfb></usr/share/texlive/texmf-dist/fonts/type1/public/amsfonts/cm/cm
r8.pfb></usr/share/texlive/texmf-dist/fonts/type1/public/amsfonts/cm/cmsy10.pfb
></usr/share/texlive/texmf-dist/fonts/type1/public/amsfonts/cm/cmsy8.pfb></usr/
share/texlive/texmf-dist/fonts/type1/public/amsfonts/cm/cmti10.pfb></usr/share/
texlive/texmf-dist/fonts/type1/public/amsfonts/cm/cmti12.pfb></usr/share/texliv
e/texmf-dist/fonts/type1/public/amsfonts/cm/cmtt12.pfb>
Output written on ProposedMeasure.pdf (29 pages, 418125 bytes).
PDF statistics:
 515 PDF objects out of 1000 (max. 8388607)
 370 compressed objects within 4 object streams
 70 named destinations out of 1000 (max. 500000)
 148 words of extra memory for PDF output out of 10000 (max. 10000000)

